<?xml version="1.0" encoding="UTF-8"?>
<testng-results ignored="0" total="1" passed="1" failed="0" skipped="0">
  <reporter-output>
  </reporter-output>
  <suite started-at="2021-11-01T10:05:32 IST" name="Default suite" finished-at="2021-11-01T10:05:37 IST" duration-ms="5081">
    <groups>
    </groups>
    <test started-at="2021-11-01T10:05:32 IST" name="Default test" finished-at="2021-11-01T10:05:37 IST" duration-ms="5081">
      <class name="com.testdemo.com.Timeout">
        <test-method signature="wait1()[pri:0, instance:com.testdemo.com.Timeout@51dcb805]" started-at="2021-11-01T10:05:32 IST" name="wait1" finished-at="2021-11-01T10:05:37 IST" duration-ms="5032" status="PASS">
          <reporter-output>
          </reporter-output>
        </test-method> <!-- wait1 -->
      </class> <!-- com.testdemo.com.Timeout -->
    </test> <!-- Default test -->
  </suite> <!-- Default suite -->
</testng-results>
